[0:00:03.571093] [main.py: 54] > Starting scrape.
[0:00:03.573104] [main.py: 56] > Scraping product urls.
[0:00:03.573104] [main.py: 68] > Logging in...
[0:00:31.216595] [main.py: 75] > Logged in successfully.
[0:00:31.216595] [main.py: 77] > Total products to scrape: 2523
[0:00:31.216595] [main.py: 78] > Scraped already: 0
[0:00:36.037428] [main.py: 141] > Scraped url -> https://www.miamland.com/produit/13264/achetez-biscuits-petit-ecolier-150g-lu
[0:00:39.959384] [main.py: 141] > Scraped url -> https://www.miamland.com/produit/7902/achetez-bicuits-speculoos-fraicheur-140g-lotus
[0:00:43.896937] [main.py: 141] > Scraped url -> https://www.miamland.com/produit/13453/achetez-bonbons-tagada-zip-fraicheur-220g-haribo
[0:00:48.808377] [main.py: 141] > Scraped url -> https://www.miamland.com/produit/7980/achetez-biscuits-chocolat-au-lait-x16-200g-granola
[0:00:52.308378] [main.py: 141] > Scraped url -> https://www.miamland.com/produit/8063/achetez-sable-de-retz-2x120g-st-michel
[0:00:56.721385] [main.py: 141] > Scraped url -> https://www.miamland.com/produit/9589/achetez-st-mamet-peche-1-2-245g
[0:01:00.385905] [main.py: 141] > Scraped url -> https://www.miamland.com/produit/13188/achetez-la-barquette-lulu-gout-fraise-120g-lu
[0:01:13.949660] [main.py: 141] > Scraped url -> https://www.miamland.com/produit/13491/achetez-sucre-cristal-1kg-daddy
[0:01:17.751989] [main.py: 141] > Scraped url -> https://www.miamland.com/produit/7939/achetez-biscuits-la-barquettes-chocolat-120g-lu
[0:01:22.461518] [main.py: 141] > Scraped url -> https://www.miamland.com/produit/7972/achetez-biscuits-palmito-100g-lu
[0:01:27.025111] [main.py: 141] > Scraped url -> https://www.miamland.com/produit/13667/achetez-petites-madeleines-250g-saint-michel
[0:01:33.825680] [main.py: 141] > Scraped url -> https://www.miamland.com/produit/7548/achetez-biscotte-96-de-cereales-300g-heudebert
[0:01:38.688223] [main.py: 141] > Scraped url -> https://www.miamland.com/produit/13198/achetez-biscuits-chocolat-au-lait-198g-m-ms
[0:01:42.562097] [main.py: 141] > Scraped url -> https://www.miamland.com/produit/13477/achetez-farine-de-ble-fluide-t45-1kg-francine-1
[0:01:45.833743] [main.py: 141] > Scraped url -> https://www.miamland.com/produit/9534/achetez-la-perruche-sucre-roux-en-morceaux-1kg-beghin-say
[0:01:51.258126] [main.py: 141] > Scraped url -> https://www.miamland.com/produit/19821/achetez-nutella-biscuits-t22-304g-nutella
[0:02:02.632499] [main.py: 141] > Scraped url -> https://www.miamland.com/produit/9656/achetez-compote-de-pomme-1kg-andros
[0:02:09.731710] [main.py: 141] > Scraped url -> https://www.miamland.com/produit/13213/achetez-veritable-petit-beurre-200g-lu
[0:02:23.972507] [main.py: 141] > Scraped url -> https://www.miamland.com/produit/9380/achetez-levure-chimique-11g-dr-oetker
[0:02:29.891363] [main.py: 141] > Scraped url -> https://www.miamland.com/produit/9788/achetez-confiture-aux-figues-blanches-370g-bonne-maman
[0:03:20.853843] [main.py: 141] > Scraped url -> https://www.miamland.com/produit/13224/achetez-gaufrettes-vanille-146g-brun
[0:03:27.073274] [main.py: 141] > Scraped url -> https://www.miamland.com/produit/9801/achetez-confiture-rhubarbes-370g-bonne-maman
[0:03:33.418310] [main.py: 141] > Scraped url -> https://www.miamland.com/produit/9274/achetez-bonbon-orangina-pik-250g-haribo
[0:03:39.447091] [main.py: 141] > Scraped url -> https://www.miamland.com/produit/9450/achetez-lait-concentre-sucre-en-tube-60g-regilait
[0:03:48.346463] [main.py: 141] > Scraped url -> https://www.miamland.com/produit/13464/achetez-bonbons-croco-280g-haribo
[0:03:54.775818] [main.py: 141] > Scraped url -> https://www.miamland.com/produit/10344/achetez-madeleine-tradition-x12-300g-bonne-maman
[0:04:09.298264] [main.py: 141] > Scraped url -> https://www.miamland.com/produit/9834/achetez-creme-de-marrons-de-lardeche-78g-clement-faugier
[0:04:13.222855] [main.py: 141] > Scraped url -> https://www.miamland.com/produit/9884/achetez-confitures-cerises-noires-370g-bonne-maman
[0:04:26.844559] [main.py: 141] > Scraped url -> https://www.miamland.com/produit/7962/achetez-gaufrettes-paille-dor-fraise-170g-lu
[0:04:30.462441] [main.py: 141] > Scraped url -> https://www.miamland.com/produit/9840/achetez-confiture-caramel-a-la-fleur-de-sel-220g-bonne-maman
[0:04:33.996876] [main.py: 141] > Scraped url -> https://www.miamland.com/produit/9590/achetez-fruits-au-sirop-abricots-235g-st-mamet
[0:04:47.014621] [main.py: 141] > Scraped url -> https://www.miamland.com/produit/13236/achetez-cookies-gros-eclats-de-chocolat-184g-granola
[0:04:50.513171] [main.py: 141] > Scraped url -> https://www.miamland.com/produit/13562/achetez-bm-confiture-peche-370g
[0:04:53.916028] [main.py: 141] > Scraped url -> https://www.miamland.com/produit/13225/achetez-sables-au-chocolat-150g-bonne-maman
[0:04:57.275048] [main.py: 141] > Scraped url -> https://www.miamland.com/produit/9812/achetez-confiture-bm-abricot-450g
[0:05:00.674176] [main.py: 141] > Scraped url -> https://www.miamland.com/produit/9327/achetez-bonbons-love-pik-225g-haribo
[0:05:03.987538] [main.py: 141] > Scraped url -> https://www.miamland.com/produit/9617/achetez-st-mamet-poire-225g
[0:05:07.460123] [main.py: 141] > Scraped url -> https://www.miamland.com/produit/9821/achetez-confiture-de-fraise-450g-bonne-maman
[0:05:11.477801] [main.py: 141] > Scraped url -> https://www.miamland.com/produit/32141/achetez-biscuits-chocolat-au-lait-pepito-192g-lu
[0:05:25.575083] [main.py: 141] > Scraped url -> https://www.miamland.com/produit/9393/achetez-sucre-vanille-8x10g-ancel
[0:05:30.515106] [main.py: 141] > Scraped url -> https://www.miamland.com/produit/7917/achetez-biscuits-caramel-chocolat-210g-twix
[0:05:35.517732] [main.py: 141] > Scraped url -> https://www.miamland.com/produit/9618/achetez-cocktail-st-mamet-250g
[0:05:39.772657] [main.py: 141] > Scraped url -> https://www.miamland.com/produit/10238/achetez-gateaux-quatre-quarts-200g-ker-cadelac
[0:05:43.869601] [main.py: 141] > Scraped url -> https://www.miamland.com/produit/14972/achetez-biscuit-figue-et-son-210g-gerble
[0:05:48.200985] [main.py: 141] > Scraped url -> https://www.miamland.com/produit/9103/achetez-bonbons-happylife-275g-haribo
[0:05:53.123397] [main.py: 141] > Scraped url -> https://www.miamland.com/produit/9175/achetez-bonbons-zanzigliss-300g-haribo
[0:05:57.798524] [main.py: 141] > Scraped url -> https://www.miamland.com/produit/9466/achetez-fleur-de-mais-400g-maizena
[0:06:02.842438] [main.py: 141] > Scraped url -> https://www.miamland.com/produit/9875/achetez-confiture-fruits-des-bois-370g-bonne-maman
[0:06:07.248269] [main.py: 141] > Scraped url -> https://www.miamland.com/produit/9733/achetez-creme-dessert-vanille-4x125g-mont-blanc
[0:06:13.004701] [main.py: 141] > Scraped url -> https://www.miamland.com/produit/9240/achetez-bonbons-fruits-320g-carambar
[0:06:17.255810] [main.py: 141] > Scraped url -> https://www.miamland.com/produit/9260/achetez-bonbon-croco-pik-275g-haribo
[0:06:21.763159] [main.py: 141] > Scraped url -> https://www.miamland.com/produit/9135/achetez-arlequin-original-250g-lutti
[0:06:35.857918] [main.py: 141] > Scraped url -> https://www.miamland.com/produit/9772/achetez-compote-pomme-sans-sucres-ajoutes-12x100g-materne
[0:06:39.973605] [main.py: 141] > Scraped url -> https://www.miamland.com/produit/9628/achetez-creme-dessert-multi-varietes-mont-blanc
[0:06:43.150606] [main.py: 141] > Scraped url -> https://www.miamland.com/produit/10302/achetez-madeleine-citron-300g-bonne-maman
[0:06:46.235619] [main.py: 141] > Scraped url -> https://www.miamland.com/produit/9734/achetez-creme-dessert-chocolat-4x125g-mont-blanc
[0:06:49.569730] [main.py: 141] > Scraped url -> https://www.miamland.com/produit/7949/achetez-biscuits-pims-framboise-150g-lu
[0:06:52.589267] [main.py: 141] > Scraped url -> https://www.miamland.com/produit/13202/achetez-biscuits-petits-coeurs-chocolat-125g-lu
[0:06:55.778439] [main.py: 141] > Scraped url -> https://www.miamland.com/produit/7906/achetez-biscuits-petit-ecolier-chocolat-noir-150g-lu-1
[0:07:00.062557] [main.py: 141] > Scraped url -> https://www.miamland.com/produit/7978/achetez-biscuits-croquants-noix-de-coco-150g-bonne-maman
[0:07:13.830575] [main.py: 141] > Scraped url -> https://www.miamland.com/produit/9547/achetez-cassonade-sucre-roux-de-canne-1kg-saint-louis
[0:07:16.927144] [main.py: 141] > Scraped url -> https://www.miamland.com/produit/10408/achetez-savaroises-aux-chocolat-220g-saint-michel
[0:07:29.686186] [main.py: 141] > Scraped url -> https://www.miamland.com/produit/8122/achetez-pepito-choco-noir-192g-lu
[0:07:33.242891] [main.py: 141] > Scraped url -> https://www.miamland.com/produit/13568/achetez-tartimiel-250g-lune-de-miel
[0:07:36.332194] [main.py: 141] > Scraped url -> https://www.miamland.com/produit/9775/achetez-confiture-chataignes-370g-bonne-maman
[0:07:39.419682] [main.py: 141] > Scraped url -> https://www.miamland.com/produit/9786/achetez-confiture-myrtilles-370g-bonne-maman
[0:07:42.739825] [main.py: 141] > Scraped url -> https://www.miamland.com/produit/8017/achetez-biscuit-original-154g-oreo
[0:07:46.342111] [main.py: 141] > Scraped url -> https://www.miamland.com/produit/8048/achetez-biscuits-prince-chocolat-au-ble-complet-300g-prince
[0:07:49.486766] [main.py: 141] > Scraped url -> https://www.miamland.com/produit/9610/achetez-compote-de-pomme-nature-730g-andros
[0:07:52.939955] [main.py: 141] > Scraped url -> https://www.miamland.com/produit/9190/achetez-bonbon-maoam-mix-250g-haribo
[0:07:56.349304] [main.py: 141] > Scraped url -> https://www.miamland.com/produit/9310/achetez-bonbons-dragibus-pik-230g-haribo
[0:08:00.140093] [main.py: 141] > Scraped url -> https://www.miamland.com/produit/9122/achetez-bonbon-tendresse-de-caramel-158g-werthers-original
[0:08:03.410833] [main.py: 141] > Scraped url -> https://www.miamland.com/produit/9784/achetez-pate-a-tartiner-speculoos-400g-lotus
[0:08:16.275969] [main.py: 141] > Scraped url -> https://www.miamland.com/produit/9793/achetez-miel-de-fleurs-liquide-375g-lune-de-miel
[0:08:19.415422] [main.py: 141] > Scraped url -> https://www.miamland.com/produit/8043/achetez-biscuits-pepito-pockitos-chocolat-au-lait-295g-lu
[0:08:22.797333] [main.py: 141] > Scraped url -> https://www.miamland.com/produit/13223/achetez-gaufrettes-chocolat-146g-brun
[0:08:26.059993] [main.py: 141] > Scraped url -> https://www.miamland.com/produit/9419/achetez-levure-chimique-alsacienne-88g-alsa
[0:08:29.192446] [main.py: 141] > Scraped url -> https://www.miamland.com/produit/9164/achetez-bonbon-oeufs-au-plat-300g-haribo
[0:08:42.043644] [main.py: 141] > Scraped url -> https://www.miamland.com/produit/13265/achetez-gaufrettes-paille-dor-framboise-170g-lu
[0:08:55.024416] [main.py: 141] > Scraped url -> https://www.miamland.com/produit/7953/achetez-biscuits-la-barquette-fraise-2x240g-lu
[0:08:59.509704] [main.py: 141] > Scraped url -> https://www.miamland.com/produit/9873/achetez-confiture-extra-mures-370g-bonne-maman
[0:09:02.527574] [main.py: 141] > Scraped url -> https://www.miamland.com/produit/13479/achetez-farine-ble-t45-1kg-francine
[0:09:05.723340] [main.py: 141] > Scraped url -> https://www.miamland.com/produit/9479/achetez-preparation-pour-brioches-maison-1-5kg-francine
[0:09:10.115685] [main.py: 141] > Scraped url -> https://www.miamland.com/produit/13576/achetez-confiture-mirabell-b-m-370g
